0 info it worked if it ends with ok
1 verbose cli [ '/home/ubuntu/.nvm/v0.10.35/bin/node',
1 verbose cli   '/home/ubuntu/.nvm/v0.10.35/bin/npm',
1 verbose cli   'install',
1 verbose cli   'DEBUG' ]
2 info using npm@1.4.28
3 info using node@v0.10.35
4 verbose readDependencies using package.json deps
5 verbose cache add [ 'DEBUG', null ]
6 verbose cache add name=undefined spec="DEBUG" args=["DEBUG",null]
7 verbose parsed url { protocol: null,
7 verbose parsed url   slashes: null,
7 verbose parsed url   auth: null,
7 verbose parsed url   host: null,
7 verbose parsed url   port: null,
7 verbose parsed url   hostname: null,
7 verbose parsed url   hash: null,
7 verbose parsed url   search: null,
7 verbose parsed url   query: null,
7 verbose parsed url   pathname: 'DEBUG',
7 verbose parsed url   path: 'DEBUG',
7 verbose parsed url   href: 'DEBUG' }
8 silly lockFile 3f67e8f4-DEBUG DEBUG
9 verbose lock DEBUG /home/ubuntu/.npm/3f67e8f4-DEBUG.lock
10 silly lockFile 3f67e8f4-DEBUG DEBUG
11 silly lockFile 3f67e8f4-DEBUG DEBUG
12 verbose addNamed [ 'DEBUG', '' ]
13 verbose addNamed [ null, '*' ]
14 silly lockFile be344efc-DEBUG DEBUG@
15 verbose lock DEBUG@ /home/ubuntu/.npm/be344efc-DEBUG.lock
16 silly addNameRange { name: 'DEBUG', range: '*', hasData: false }
17 verbose request where is /DEBUG
18 verbose request registry https://registry.npmjs.org/
19 verbose request id 9a32a05efb25be40
20 verbose url raw /DEBUG
21 verbose url resolving [ 'https://registry.npmjs.org/', './DEBUG' ]
22 verbose url resolved https://registry.npmjs.org/DEBUG
23 verbose request where is https://registry.npmjs.org/DEBUG
24 info trying registry request attempt 1 at 18:17:11
25 http GET https://registry.npmjs.org/DEBUG
26 http 404 https://registry.npmjs.org/DEBUG
27 verbose headers { date: 'Thu, 16 Apr 2015 18:17:11 GMT',
27 verbose headers   server: 'CouchDB/1.5.0 (Erlang OTP/R16B03)',
27 verbose headers   'content-type': 'application/json',
27 verbose headers   'cache-control': 'max-age=0',
27 verbose headers   'content-length': '51',
27 verbose headers   'accept-ranges': 'bytes',
27 verbose headers   via: '1.1 varnish',
27 verbose headers   age: '0',
27 verbose headers   'x-served-by': 'cache-lcy1121-LCY',
27 verbose headers   'x-cache': 'MISS',
27 verbose headers   'x-cache-hits': '0',
27 verbose headers   'x-timer': 'S1429208231.589931,VS0,VE91',
27 verbose headers   'keep-alive': 'timeout=10, max=50',
27 verbose headers   connection: 'Keep-Alive' }
28 silly registry.get cb [ 404,
28 silly registry.get   { date: 'Thu, 16 Apr 2015 18:17:11 GMT',
28 silly registry.get     server: 'CouchDB/1.5.0 (Erlang OTP/R16B03)',
28 silly registry.get     'content-type': 'application/json',
28 silly registry.get     'cache-control': 'max-age=0',
28 silly registry.get     'content-length': '51',
28 silly registry.get     'accept-ranges': 'bytes',
28 silly registry.get     via: '1.1 varnish',
28 silly registry.get     age: '0',
28 silly registry.get     'x-served-by': 'cache-lcy1121-LCY',
28 silly registry.get     'x-cache': 'MISS',
28 silly registry.get     'x-cache-hits': '0',
28 silly registry.get     'x-timer': 'S1429208231.589931,VS0,VE91',
28 silly registry.get     'keep-alive': 'timeout=10, max=50',
28 silly registry.get     connection: 'Keep-Alive' } ]
29 silly lockFile be344efc-DEBUG DEBUG@
30 silly lockFile be344efc-DEBUG DEBUG@
31 error 404 404 Not Found: DEBUG
31 error 404
31 error 404 'DEBUG' is not in the npm registry.
31 error 404 You should bug the author to publish it
31 error 404 It was specified as a dependency of 'Pr5_PL_1415'
31 error 404
31 error 404 Note that you can also install from a
31 error 404 tarball, folder, or http url, or git url.
32 error System Linux 3.14.13-c9
33 error command "/home/ubuntu/.nvm/v0.10.35/bin/node" "/home/ubuntu/.nvm/v0.10.35/bin/npm" "install" "DEBUG"
34 error cwd /home/ubuntu/workspace/Pr5_PL_1415
35 error node -v v0.10.35
36 error npm -v 1.4.28
37 error code E404
38 verbose exit [ 1, true ]
